

Microchip MPLAB XC8 Assembler V2.05 build -831301201 
                                                                                               Sun May 05 00:34:25 2019

Microchip MPLAB XC8 C Compiler v2.05 (Free license) build 20181220022703 Og1 
     1                           	processor	18F46K22
     2                           	fnconf	rparam,??,?,0
     3                           	opt	pw 120
     4                           	opt	flic
     5                           	psect	smallconst,global,reloc=2,class=SMALLCONST,delta=1,noexec
     6                           	psect	cinit,global,reloc=2,class=CODE,delta=1
     7                           	psect	bssCOMRAM,global,class=COMRAM,space=1,delta=1,noexec
     8                           	psect	cstackCOMRAM,global,class=COMRAM,space=1,delta=1,noexec
     9                           	psect	text0,global,reloc=2,class=CODE,delta=1
    10                           	psect	text1,global,reloc=2,class=CODE,delta=1
    11                           	psect	intcode,global,reloc=2,class=CODE,delta=1
    12                           	psect	intsave_regs,global,class=BIGRAM,space=1,delta=1,noexec
    13                           	psect	rparam,global,class=COMRAM,space=1,delta=1,noexec
    14                           	psect	temp,global,ovrld,common,class=COMRAM,space=1,delta=1
    15  0000                     
    16                           ; Version 2.05
    17                           ; Generated 20/12/2018 GMT
    18                           ; 
    19                           ; Copyright © 2018, Microchip Technology Inc. and its subsidiaries ("Microchip")
    20                           ; All rights reserved.
    21                           ; 
    22                           ; This software is developed by Microchip Technology Inc. and its subsidiaries ("Microch
      +                          ip").
    23                           ; 
    24                           ; Redistribution and use in source and binary forms, with or without modification, are
    25                           ; permitted provided that the following conditions are met:
    26                           ; 
    27                           ;     1. Redistributions of source code must retain the above copyright notice, this lis
      +                          t of
    28                           ;        conditions and the following disclaimer.
    29                           ; 
    30                           ;     2. Redistributions in binary form must reproduce the above copyright notice, this 
      +                          list
    31                           ;        of conditions and the following disclaimer in the documentation and/or other
    32                           ;        materials provided with the distribution.
    33                           ; 
    34                           ;     3. Microchip's name may not be used to endorse or promote products derived from th
      +                          is
    35                           ;        software without specific prior written permission.
    36                           ; 
    37                           ; THIS SOFTWARE IS PROVIDED BY MICROCHIP "AS IS" AND ANY EXPRESS OR IMPLIED WARRANTIES,
    38                           ; INCLUDING, BUT NOT LIMITED TO, THE IMPLIED WARRANTIES OF MERCHANTABILITY AND FITNESS F
      +                          OR
    39                           ; PURPOSE ARE DISCLAIMED.  IN NO EVENT SHALL MICROCHIP BE LIABLE FOR ANY DIRECT, INDIREC
      +                          T,
    40                           ; INCIDENTAL, SPECIAL, EXEMPLARY, OR CONSEQUENTIAL DAMAGES (INCLUDING BUT NOT LIMITED TO
    41                           ; PROCUREMENT OF SUBSTITUTE GOODS OR SERVICES; LOSS OF USE, DATA OR PROFITS; OR BUSINESS
    42                           ; INTERRUPTION) HOWSOEVER CAUSED AND ON ANY THEORY OF LIABILITY, WHETHER IN CONTRACT, ST
      +                          RICT
    43                           ; LIABILITY, OR TORT (INCLUDING NEGLIGENCE OR OTHERWISE) ARISING IN ANY WAY OUT OF THE U
      +                          SE OF
    44                           ; THIS SOFTWARE, EVEN IF ADVISED OF THE POSSIBILITY OF SUCH DAMAGE.
    45                           ; 
    46                           ; 
    47                           ; Code-generator required, PIC18F46K22 Definitions
    48                           ; 
    49                           ; SFR Addresses
    50  0000                     
    51                           	psect	smallconst
    52  001000                     __psmallconst:
    53                           	opt callstack 0
    54  001000  00                 	db	0
    55  001001                     _anim_cmd:
    56                           	opt callstack 0
    57  001001  0085               	dw	133
    58  001003  0000               	dw	0
    59  001005                     __end_of_anim_cmd:
    60                           	opt callstack 0
    61  001005                     _sync_cmd:
    62                           	opt callstack 0
    63  001005  0004               	dw	4
    64  001007  0000               	dw	0
    65  001009                     __end_of_sync_cmd:
    66                           	opt callstack 0
    67  001009  0084               	dw	132
    68  00100B  0000               	dw	0
    69  00100D                     __end_of_led_cmd:
    70                           	opt callstack 0
    71  0000                     _ANSELE	set	3900
    72  0000                     _ANSELD	set	3899
    73  0000                     _ANSELC	set	3898
    74  0000                     _ANSELB	set	3897
    75  0000                     _ANSELA	set	3896
    76  0000                     _LATDbits	set	3980
    77  0000                     _TRISBbits	set	3987
    78  0000                     _WPUBbits	set	3937
    79  0000                     _INTCON2bits	set	4081
    80  0000                     _LATBbits	set	3978
    81  0000                     _LATE	set	3981
    82  0000                     _LATD	set	3980
    83  0000                     _LATC	set	3979
    84  0000                     _LATB	set	3978
    85  0000                     _LATA	set	3977
    86  0000                     _PORTE	set	3972
    87  0000                     _PORTD	set	3971
    88  0000                     _PORTC	set	3970
    89  0000                     _PORTB	set	3969
    90  0000                     _PORTA	set	3968
    91  0000                     _TRISE	set	3990
    92  0000                     _TRISD	set	3989
    93  0000                     _TRISC	set	3988
    94  0000                     _TRISB	set	3987
    95  0000                     _TRISA	set	3986
    96  0000                     _INTCONbits	set	4082
    97  0000                     _OSCTUNEbits	set	3995
    98  0000                     _OSCCONbits	set	4051
    99                           
   100                           ; #config settings
   101  00100D  00                 	db	0	; dummy byte at the end
   102  0000                     
   103                           	psect	cinit
   104  001146                     __pcinit:
   105                           	opt callstack 0
   106  001146                     start_initialization:
   107                           	opt callstack 0
   108  001146                     __initialization:
   109                           	opt callstack 0
   110                           
   111                           ; Clear objects allocated to COMRAM (2 bytes)
   112  001146  6A0E               	clrf	(__pbssCOMRAM+1)& (0+255),c
   113  001148  6A0D               	clrf	__pbssCOMRAM& (0+255),c
   114  00114A                     end_of_initialization:
   115                           	opt callstack 0
   116  00114A                     __end_of__initialization:
   117                           	opt callstack 0
   118  00114A  900F               	bcf	int$flags,0,c	;clear compiler interrupt flag (level 1)
   119  00114C  920F               	bcf	int$flags,1,c	;clear compiler interrupt flag (level 2)
   120  00114E  0E00               	movlw	low (__Lsmallconst shr (0+16))
   121  001150  6EF8               	movwf	tblptru,c
   122  001152  0E10               	movlw	high __Lsmallconst
   123  001154  6EF7               	movwf	tblptrh,c
   124  001156  0100               	movlb	0
   125  001158  EF62  F008         	goto	_main	;jump to C main() function
   126                           
   127                           	psect	bssCOMRAM
   128  00000D                     __pbssCOMRAM:
   129                           	opt callstack 0
   130  00000D                     _clk_low:
   131                           	opt callstack 0
   132  00000D                     	ds	2
   133                           
   134                           	psect	cstackCOMRAM
   135  000001                     __pcstackCOMRAM:
   136                           	opt callstack 0
   137  000001                     ??_int0:
   138  000001                     
   139                           ; 1 bytes @ 0x0
   140  000001                     	ds	1
   141  000002                     ??_config:
   142                           
   143                           ; 1 bytes @ 0x1
   144  000002                     	ds	2
   145  000004                     ??_main:
   146                           
   147                           ; 1 bytes @ 0x3
   148  000004                     	ds	5
   149  000009                     main@temp:
   150                           	opt callstack 0
   151                           
   152                           ; 2 bytes @ 0x8
   153  000009                     	ds	2
   154  00000B                     main@i:
   155                           	opt callstack 0
   156                           
   157                           ; 2 bytes @ 0xA
   158  00000B                     	ds	2
   159                           
   160 ;;
   161 ;;Main: autosize = 0, tempsize = 5, incstack = 0, save=0
   162 ;;
   163 ;; *************** function _main *****************
   164 ;; Defined at:
   165 ;;		line 36 in file "main.c"
   166 ;; Parameters:    Size  Location     Type
   167 ;;		None
   168 ;; Auto vars:     Size  Location     Type
   169 ;;  i               2   10[COMRAM] int 
   170 ;;  temp            2    8[COMRAM] int 
   171 ;; Return value:  Size  Location     Type
   172 ;;                  1    wreg      void 
   173 ;; Registers used:
   174 ;;		wreg, status,2, status,0, cstack
   175 ;; Tracked objects:
   176 ;;		On entry : 0/0
   177 ;;		On exit  : 0/0
   178 ;;		Unchanged: 0/0
   179 ;; Data sizes:     COMRAM   BANK0   BANK1   BANK2   BANK3   BANK4   BANK5   BANK6   BANK7   BANK8   BANK9  BANK10  BANK1
      +1  BANK12  BANK13  BANK14  BANK15
   180 ;;      Params:         0       0       0       0       0       0       0       0       0       0       0       0       
      +0       0       0       0       0
   181 ;;      Locals:         4       0       0       0       0       0       0       0       0       0       0       0       
      +0       0       0       0       0
   182 ;;      Temps:          5       0       0       0       0       0       0       0       0       0       0       0       
      +0       0       0       0       0
   183 ;;      Totals:         9       0       0       0       0       0       0       0       0       0       0       0       
      +0       0       0       0       0
   184 ;;Total ram usage:        9 bytes
   185 ;; Hardware stack levels required when called:    2
   186 ;; This function calls:
   187 ;;		_config
   188 ;; This function is called by:
   189 ;;		Startup code after reset
   190 ;; This function uses a non-reentrant model
   191 ;;
   192                           
   193                           	psect	text0
   194  0010C4                     __ptext0:
   195                           	opt callstack 0
   196  0010C4                     _main:
   197                           	opt callstack 29
   198                           
   199                           ;main.c: 38:     int temp = 0;
   200                           
   201                           ;incstack = 0
   202  0010C4  0E00               	movlw	0
   203  0010C6  6E0A               	movwf	main@temp+1,c
   204  0010C8  0E00               	movlw	0
   205  0010CA  6E09               	movwf	main@temp,c
   206                           
   207                           ;main.c: 39:     config();
   208  0010CC  EC07  F008         	call	_config	;wreg free
   209                           
   210                           ;main.c: 41:     LATBbits.LATB1 = 0;
   211  0010D0  928A               	bcf	3978,1,c	;volatile
   212                           
   213                           ;main.c: 43:     _delay((unsigned long)((2)*(16000000/4000.0)));
   214  0010D2  0E0B               	movlw	11
   215  0010D4  6E04               	movwf	??_main& (0+255),c
   216  0010D6  0E62               	movlw	98
   217  0010D8                     u77:
   218  0010D8  2EE8               	decfsz	wreg,f,c
   219  0010DA  D7FE               	bra	u77
   220  0010DC  2E04               	decfsz	??_main& (0+255),f,c
   221  0010DE  D7FC               	bra	u77
   222  0010E0  D000               	nop2	
   223                           
   224                           ;main.c: 45:     for(i=10;i==0;i--)
   225  0010E2  0E00               	movlw	0
   226  0010E4  6E0C               	movwf	main@i+1,c
   227  0010E6  0E0A               	movlw	10
   228  0010E8  6E0B               	movwf	main@i,c
   229  0010EA                     l815:
   230  0010EA  500B               	movf	main@i,w,c
   231  0010EC  100C               	iorwf	main@i+1,w,c
   232  0010EE  A4D8               	btfss	status,2,c
   233  0010F0  D028               	goto	l88
   234  0010F2                     l819:
   235  0010F2  500D               	movf	_clk_low,w,c
   236  0010F4  100E               	iorwf	_clk_low+1,w,c
   237  0010F6  B4D8               	btfsc	status,2,c
   238  0010F8  D7FC               	goto	l819
   239                           
   240                           ;main.c: 48:         temp = (led_cmd >> i)&0x01;
   241  0010FA  C00B  F004         	movff	main@i,??_main
   242  0010FE  0E84               	movlw	132
   243  001100  6E05               	movwf	(??_main+1)& (0+255),c
   244  001102  6A06               	clrf	(??_main+2)& (0+255),c
   245  001104  6A07               	clrf	(??_main+3)& (0+255),c
   246  001106  6A08               	clrf	(??_main+4)& (0+255),c
   247  001108                     u55:
   248  001108  6604               	tstfsz	??_main,c
   249  00110A  D001               	goto	u56
   250  00110C  D007               	goto	u57
   251  00110E                     u56:
   252  00110E  3408               	rlcf	??_main+4,w,c
   253  001110  3208               	rrcf	??_main+4,f,c
   254  001112  3207               	rrcf	??_main+3,f,c
   255  001114  3206               	rrcf	??_main+2,f,c
   256  001116  3205               	rrcf	??_main+1,f,c
   257  001118  2E04               	decfsz	??_main,f,c
   258  00111A  D7F6               	goto	u55
   259  00111C                     u57:
   260  00111C  0E01               	movlw	1
   261  00111E  1405               	andwf	??_main+1,w,c
   262  001120  6E09               	movwf	main@temp,c
   263  001122  6A0A               	clrf	main@temp+1,c
   264                           
   265                           ;main.c: 49:         if(temp == 1)
   266  001124  0409               	decf	main@temp,w,c
   267  001126  100A               	iorwf	main@temp+1,w,c
   268  001128  A4D8               	btfss	status,2,c
   269  00112A  D002               	goto	l92
   270                           
   271                           ;main.c: 50:         {;main.c: 51:             LATBbits.LATB1 = 1;
   272  00112C  828A               	bsf	3978,1,c	;volatile
   273                           
   274                           ;main.c: 52:         }
   275  00112E  D001               	goto	l825
   276  001130                     l92:
   277                           
   278                           ;main.c: 54:             LATBbits.LATB1 = 0;
   279  001130  928A               	bcf	3978,1,c	;volatile
   280  001132                     l825:
   281                           
   282                           ;main.c: 57:         clk_low = 0;
   283  001132  0E00               	movlw	0
   284  001134  6E0E               	movwf	_clk_low+1,c
   285  001136  0E00               	movlw	0
   286  001138  6E0D               	movwf	_clk_low,c
   287                           
   288                           ;main.c: 60:     }
   289  00113A  060B               	decf	main@i,f,c
   290  00113C  A0D8               	btfss	status,0,c
   291  00113E  060C               	decf	main@i+1,f,c
   292  001140  D7D4               	goto	l815
   293  001142                     l88:
   294                           
   295                           ;main.c: 63:     LATBbits.LATB1 = 1;
   296  001142  828A               	bsf	3978,1,c	;volatile
   297  001144                     l94:
   298                           
   299                           ;main.c: 68:     {;main.c: 69:         }
   300  001144  D7FF               	goto	l94
   301  001146                     __end_of_main:
   302                           	opt callstack 0
   303                           
   304 ;; *************** function _config *****************
   305 ;; Defined at:
   306 ;;		line 15 in file "config.c"
   307 ;; Parameters:    Size  Location     Type
   308 ;;		None
   309 ;; Auto vars:     Size  Location     Type
   310 ;;		None
   311 ;; Return value:  Size  Location     Type
   312 ;;                  1    wreg      void 
   313 ;; Registers used:
   314 ;;		wreg, status,2
   315 ;; Tracked objects:
   316 ;;		On entry : 0/0
   317 ;;		On exit  : 0/0
   318 ;;		Unchanged: 0/0
   319 ;; Data sizes:     COMRAM   BANK0   BANK1   BANK2   BANK3   BANK4   BANK5   BANK6   BANK7   BANK8   BANK9  BANK10  BANK1
      +1  BANK12  BANK13  BANK14  BANK15
   320 ;;      Params:         0       0       0       0       0       0       0       0       0       0       0       0       
      +0       0       0       0       0
   321 ;;      Locals:         0       0       0       0       0       0       0       0       0       0       0       0       
      +0       0       0       0       0
   322 ;;      Temps:          2       0       0       0       0       0       0       0       0       0       0       0       
      +0       0       0       0       0
   323 ;;      Totals:         2       0       0       0       0       0       0       0       0       0       0       0       
      +0       0       0       0       0
   324 ;;Total ram usage:        2 bytes
   325 ;; Hardware stack levels used:    1
   326 ;; Hardware stack levels required when called:    1
   327 ;; This function calls:
   328 ;;		Nothing
   329 ;; This function is called by:
   330 ;;		_main
   331 ;; This function uses a non-reentrant model
   332 ;;
   333                           
   334                           	psect	text1
   335  00100E                     __ptext1:
   336                           	opt callstack 0
   337  00100E                     _config:
   338                           	opt callstack 29
   339                           
   340                           ;config.c: 18:     OSCCONbits.IRCF0=1;
   341                           
   342                           ;incstack = 0
   343  00100E  88D3               	bsf	4051,4,c	;volatile
   344                           
   345                           ;config.c: 19:     OSCCONbits.IRCF1=1;
   346  001010  8AD3               	bsf	4051,5,c	;volatile
   347                           
   348                           ;config.c: 20:     OSCCONbits.IRCF2=1;
   349  001012  8CD3               	bsf	4051,6,c	;volatile
   350                           
   351                           ;config.c: 21:     OSCTUNEbits.PLLEN = 0;
   352  001014  9C9B               	bcf	3995,6,c	;volatile
   353                           
   354                           ;config.c: 22:     INTCONbits.GIE=0;
   355  001016  9EF2               	bcf	4082,7,c	;volatile
   356                           
   357                           ;config.c: 24:     ANSELA=0X00;
   358  001018  0E00               	movlw	0
   359  00101A  010F               	movlb	15	; () banked
   360  00101C  6F38               	movwf	56,b	;volatile
   361                           
   362                           ;config.c: 25:     ANSELB=0X00;
   363  00101E  0E00               	movlw	0
   364  001020  6F39               	movwf	57,b	;volatile
   365                           
   366                           ;config.c: 26:     ANSELC=0X00;
   367  001022  0E00               	movlw	0
   368  001024  6F3A               	movwf	58,b	;volatile
   369                           
   370                           ;config.c: 27:     ANSELD=0X00;
   371  001026  0E00               	movlw	0
   372  001028  6F3B               	movwf	59,b	;volatile
   373                           
   374                           ;config.c: 28:     ANSELE=0X00;
   375  00102A  0E00               	movlw	0
   376  00102C  6F3C               	movwf	60,b	;volatile
   377                           
   378                           ;config.c: 29:     TRISA=0X00;
   379  00102E  0E00               	movlw	0
   380  001030  6E92               	movwf	3986,c	;volatile
   381                           
   382                           ;config.c: 30:     TRISB=0X00;
   383  001032  0E00               	movlw	0
   384  001034  6E93               	movwf	3987,c	;volatile
   385                           
   386                           ;config.c: 31:     TRISC=0X00;
   387  001036  0E00               	movlw	0
   388  001038  6E94               	movwf	3988,c	;volatile
   389                           
   390                           ;config.c: 32:     TRISD=0X00;
   391  00103A  0E00               	movlw	0
   392  00103C  6E95               	movwf	3989,c	;volatile
   393                           
   394                           ;config.c: 33:     TRISE=0X00;
   395  00103E  0E00               	movlw	0
   396  001040  6E96               	movwf	3990,c	;volatile
   397                           
   398                           ;config.c: 34:     PORTA=0X00;
   399  001042  0E00               	movlw	0
   400  001044  6E80               	movwf	3968,c	;volatile
   401                           
   402                           ;config.c: 35:     PORTB=0X00;
   403  001046  0E00               	movlw	0
   404  001048  6E81               	movwf	3969,c	;volatile
   405                           
   406                           ;config.c: 36:     PORTC=0X00;
   407  00104A  0E00               	movlw	0
   408  00104C  6E82               	movwf	3970,c	;volatile
   409                           
   410                           ;config.c: 37:     PORTD=0X00;
   411  00104E  0E00               	movlw	0
   412  001050  6E83               	movwf	3971,c	;volatile
   413                           
   414                           ;config.c: 38:     PORTE=0X00;
   415  001052  0E00               	movlw	0
   416  001054  6E84               	movwf	3972,c	;volatile
   417                           
   418                           ;config.c: 39:     LATA=0X00;
   419  001056  0E00               	movlw	0
   420  001058  6E89               	movwf	3977,c	;volatile
   421                           
   422                           ;config.c: 40:     LATB=0b00000010;
   423  00105A  0E02               	movlw	2
   424  00105C  6E8A               	movwf	3978,c	;volatile
   425                           
   426                           ;config.c: 41:     LATC=0X00;
   427  00105E  0E00               	movlw	0
   428  001060  6E8B               	movwf	3979,c	;volatile
   429                           
   430                           ;config.c: 42:     LATD=0X00;
   431  001062  0E00               	movlw	0
   432  001064  6E8C               	movwf	3980,c	;volatile
   433                           
   434                           ;config.c: 43:     LATE=0X00;
   435  001066  0E00               	movlw	0
   436  001068  6E8D               	movwf	3981,c	;volatile
   437                           
   438                           ; BSR set to: 15
   439                           ;config.c: 45:     LATBbits.LATB1=1;
   440  00106A  828A               	bsf	3978,1,c	;volatile
   441                           
   442                           ; BSR set to: 15
   443                           ;config.c: 47:      _delay((unsigned long)((1000)*(16000000/4000.0)));
   444  00106C  0E15               	movlw	21
   445  00106E  6E03               	movwf	(??_config+1)& (0+255),c
   446  001070  0E4B               	movlw	75
   447  001072  6E02               	movwf	??_config& (0+255),c
   448  001074  0EBE               	movlw	190
   449  001076                     u87:
   450  001076  2EE8               	decfsz	wreg,f,c
   451  001078  D7FE               	bra	u87
   452  00107A  2E02               	decfsz	??_config& (0+255),f,c
   453  00107C  D7FC               	bra	u87
   454  00107E  2E03               	decfsz	(??_config+1)& (0+255),f,c
   455  001080  D7FA               	bra	u87
   456  001082  D000               	nop2	
   457                           
   458                           ;config.c: 48:       _delay((unsigned long)((1000)*(16000000/4000.0)));
   459  001084  0E15               	movlw	21
   460  001086  6E03               	movwf	(??_config+1)& (0+255),c
   461  001088  0E4B               	movlw	75
   462  00108A  6E02               	movwf	??_config& (0+255),c
   463  00108C  0EBE               	movlw	190
   464  00108E                     u97:
   465  00108E  2EE8               	decfsz	wreg,f,c
   466  001090  D7FE               	bra	u97
   467  001092  2E02               	decfsz	??_config& (0+255),f,c
   468  001094  D7FC               	bra	u97
   469  001096  2E03               	decfsz	(??_config+1)& (0+255),f,c
   470  001098  D7FA               	bra	u97
   471  00109A  D000               	nop2	
   472                           
   473                           ;config.c: 50:     LATBbits.LATB1=1;
   474  00109C  828A               	bsf	3978,1,c	;volatile
   475                           
   476                           ;config.c: 51:     INTCON2bits.RBPU=0;
   477  00109E  9EF1               	bcf	4081,7,c	;volatile
   478                           
   479                           ;config.c: 53:     WPUBbits.WPUB1=1;
   480  0010A0  8261               	bsf	3937,1,c	;volatile
   481                           
   482                           ;config.c: 55:     TRISBbits.RB0=1;
   483  0010A2  8093               	bsf	3987,0,c	;volatile
   484                           
   485                           ;config.c: 60:     INTCON2bits.INTEDG0 = 0;
   486  0010A4  9CF1               	bcf	4081,6,c	;volatile
   487                           
   488                           ;config.c: 62:         _delay((unsigned long)((1000)*(16000000/4000.0)));
   489  0010A6  0E15               	movlw	21
   490  0010A8  6E03               	movwf	(??_config+1)& (0+255),c
   491  0010AA  0E4B               	movlw	75
   492  0010AC  6E02               	movwf	??_config& (0+255),c
   493  0010AE  0EBE               	movlw	190
   494  0010B0                     u107:
   495  0010B0  2EE8               	decfsz	wreg,f,c
   496  0010B2  D7FE               	bra	u107
   497  0010B4  2E02               	decfsz	??_config& (0+255),f,c
   498  0010B6  D7FC               	bra	u107
   499  0010B8  2E03               	decfsz	(??_config+1)& (0+255),f,c
   500  0010BA  D7FA               	bra	u107
   501  0010BC  D000               	nop2	
   502                           
   503                           ;config.c: 63:     INTCONbits.GIE = 1;
   504  0010BE  8EF2               	bsf	4082,7,c	;volatile
   505                           
   506                           ;config.c: 64:     INTCONbits.INT0IE = 1;
   507  0010C0  88F2               	bsf	4082,4,c	;volatile
   508  0010C2  0012               	return		;funcret
   509  0010C4                     __end_of_config:
   510                           	opt callstack 0
   511                           
   512 ;; *************** function _int0 *****************
   513 ;; Defined at:
   514 ;;		line 27 in file "main.c"
   515 ;; Parameters:    Size  Location     Type
   516 ;;		None
   517 ;; Auto vars:     Size  Location     Type
   518 ;;		None
   519 ;; Return value:  Size  Location     Type
   520 ;;                  1    wreg      void 
   521 ;; Registers used:
   522 ;;		wreg, status,2, status,0
   523 ;; Tracked objects:
   524 ;;		On entry : 0/0
   525 ;;		On exit  : 0/0
   526 ;;		Unchanged: 0/0
   527 ;; Data sizes:     COMRAM   BANK0   BANK1   BANK2   BANK3   BANK4   BANK5   BANK6   BANK7   BANK8   BANK9  BANK10  BANK1
      +1  BANK12  BANK13  BANK14  BANK15
   528 ;;      Params:         0       0       0       0       0       0       0       0       0       0       0       0       
      +0       0       0       0       0
   529 ;;      Locals:         0       0       0       0       0       0       0       0       0       0       0       0       
      +0       0       0       0       0
   530 ;;      Temps:          1       0       0       0       0       0       0       0       0       0       0       0       
      +0       0       0       0       0
   531 ;;      Totals:         1       0       0       0       0       0       0       0       0       0       0       0       
      +0       0       0       0       0
   532 ;;Total ram usage:        1 bytes
   533 ;; Hardware stack levels used:    1
   534 ;; This function calls:
   535 ;;		Nothing
   536 ;; This function is called by:
   537 ;;		Interrupt level 2
   538 ;; This function uses a non-reentrant model
   539 ;;
   540                           
   541                           	psect	intcode
   542  000008                     __pintcode:
   543                           	opt callstack 0
   544  000008                     _int0:
   545                           	opt callstack 29
   546                           
   547                           ;incstack = 0
   548  000008  820F               	bsf	btemp,1,c	;set compiler interrupt flag (level 2)
   549                           
   550                           ;main.c: 29:     LATDbits.LATD0=!LATDbits.LATD0;
   551  00000A  B08C               	btfsc	3980,0,c	;volatile
   552  00000C  D003               	goto	i2u1_40
   553  00000E  6A01               	clrf	??_int0& (0+255),c
   554  000010  2A01               	incf	??_int0& (0+255),f,c
   555  000012  D001               	goto	i2u2_48
   556  000014                     i2u1_40:
   557  000014  6A01               	clrf	??_int0& (0+255),c
   558  000016                     i2u2_48:
   559  000016  508C               	movf	3980,w,c	;volatile
   560  000018  1801               	xorwf	??_int0,w,c
   561  00001A  0BFE               	andlw	-2
   562  00001C  1801               	xorwf	??_int0,w,c
   563  00001E  6E8C               	movwf	3980,c	;volatile
   564                           
   565                           ;main.c: 30:     clk_low = 1;
   566  000020  0E00               	movlw	0
   567  000022  6E0E               	movwf	_clk_low+1,c
   568  000024  0E01               	movlw	1
   569  000026  6E0D               	movwf	_clk_low,c
   570                           
   571                           ;main.c: 31:     INTCONbits.INT0IF=0;
   572  000028  92F2               	bcf	4082,1,c	;volatile
   573  00002A  920F               	bcf	btemp,1,c	;clear compiler interrupt flag (level 2)
   574  00002C  0011               	retfie		f
   575  00002E                     __end_of_int0:
   576                           	opt callstack 0
   577                           
   578                           	psect	rparam
   579  0000                     
   580                           	psect	temp
   581  00000F                     btemp:
   582                           	opt callstack 0
   583  00000F                     	ds	1
   584  0000                     int$flags	set	btemp
   585  0000                     wtemp8	set	btemp+1
   586  0000                     ttemp5	set	btemp+1
   587  0000                     ttemp6	set	btemp+4
   588  0000                     ttemp7	set	btemp+8
   589                           tosu	equ	0xFFF
   590                           tosh	equ	0xFFE
   591                           tosl	equ	0xFFD
   592                           stkptr	equ	0xFFC
   593                           pclatu	equ	0xFFB
   594                           pclath	equ	0xFFA
   595                           pcl	equ	0xFF9
   596                           tblptru	equ	0xFF8
   597                           tblptrh	equ	0xFF7
   598                           tblptrl	equ	0xFF6
   599                           tablat	equ	0xFF5
   600                           prodh	equ	0xFF4
   601                           prodl	equ	0xFF3
   602                           indf0	equ	0xFEF
   603                           postinc0	equ	0xFEE
   604                           postdec0	equ	0xFED
   605                           preinc0	equ	0xFEC
   606                           plusw0	equ	0xFEB
   607                           fsr0h	equ	0xFEA
   608                           fsr0l	equ	0xFE9
   609                           wreg	equ	0xFE8
   610                           indf1	equ	0xFE7
   611                           postinc1	equ	0xFE6
   612                           postdec1	equ	0xFE5
   613                           preinc1	equ	0xFE4
   614                           plusw1	equ	0xFE3
   615                           fsr1h	equ	0xFE2
   616                           fsr1l	equ	0xFE1
   617                           bsr	equ	0xFE0
   618                           indf2	equ	0xFDF
   619                           postinc2	equ	0xFDE
   620                           postdec2	equ	0xFDD
   621                           preinc2	equ	0xFDC
   622                           plusw2	equ	0xFDB
   623                           fsr2h	equ	0xFDA
   624                           fsr2l	equ	0xFD9
   625                           status	equ	0xFD8


Data Sizes:
    Strings     0
    Constant    12
    Data        0
    BSS         2
    Persistent  0
    Stack       0

Auto Spaces:
    Space          Size  Autos    Used
    COMRAM           94     12      14
    BANK0           160      0       0
    BANK1           256      0       0
    BANK2           256      0       0
    BANK3           256      0       0
    BANK4           256      0       0
    BANK5           256      0       0
    BANK6           256      0       0
    BANK7           256      0       0
    BANK8           256      0       0
    BANK9           256      0       0
    BANK10          256      0       0
    BANK11          256      0       0
    BANK12          256      0       0
    BANK13          256      0       0
    BANK14          256      0       0
    BANK15           56      0       0

Pointer List with Targets:

    None.

Critical Paths under _main in COMRAM

    _main->_config

Critical Paths under _int0 in COMRAM

    None.

Critical Paths under _main in BANK0

    None.

Critical Paths under _int0 in BANK0

    None.

Critical Paths under _main in BANK1

    None.

Critical Paths under _int0 in BANK1

    None.

Critical Paths under _main in BANK2

    None.

Critical Paths under _int0 in BANK2

    None.

Critical Paths under _main in BANK3

    None.

Critical Paths under _int0 in BANK3

    None.

Critical Paths under _main in BANK4

    None.

Critical Paths under _int0 in BANK4

    None.

Critical Paths under _main in BANK5

    None.

Critical Paths under _int0 in BANK5

    None.

Critical Paths under _main in BANK6

    None.

Critical Paths under _int0 in BANK6

    None.

Critical Paths under _main in BANK7

    None.

Critical Paths under _int0 in BANK7

    None.

Critical Paths under _main in BANK8

    None.

Critical Paths under _int0 in BANK8

    None.

Critical Paths under _main in BANK9

    None.

Critical Paths under _int0 in BANK9

    None.

Critical Paths under _main in BANK10

    None.

Critical Paths under _int0 in BANK10

    None.

Critical Paths under _main in BANK11

    None.

Critical Paths under _int0 in BANK11

    None.

Critical Paths under _main in BANK12

    None.

Critical Paths under _int0 in BANK12

    None.

Critical Paths under _main in BANK13

    None.

Critical Paths under _int0 in BANK13

    None.

Critical Paths under _main in BANK14

    None.

Critical Paths under _int0 in BANK14

    None.

Critical Paths under _main in BANK15

    None.

Critical Paths under _int0 in BANK15

    None.

Call Graph Tables:

 ---------------------------------------------------------------------------------
 (Depth) Function   	        Calls       Base Space   Used Autos Params    Refs
 ---------------------------------------------------------------------------------
 (0) _main                                                 9     9      0      60
                                              3 COMRAM     9     9      0
                             _config
 ---------------------------------------------------------------------------------
 (1) _config                                               2     2      0       0
                                              1 COMRAM     2     2      0
 ---------------------------------------------------------------------------------
 Estimated maximum stack depth 1
 ---------------------------------------------------------------------------------
 (Depth) Function   	        Calls       Base Space   Used Autos Params    Refs
 ---------------------------------------------------------------------------------
 (2) _int0                                                 1     1      0       0
                                              0 COMRAM     1     1      0
 ---------------------------------------------------------------------------------
 Estimated maximum stack depth 2
 ---------------------------------------------------------------------------------

 Call Graph Graphs:

 _main (ROOT)
   _config

 _int0 (ROOT)

 Address spaces:
Name               Size   Autos  Total    Cost      Usage
BIGRAM             F37      0       0      37        0.0%
EEDATA             400      0       0       0        0.0%
BITBANK14          100      0       0      33        0.0%
BANK14             100      0       0      34        0.0%
BITBANK13          100      0       0      31        0.0%
BANK13             100      0       0      32        0.0%
BITBANK12          100      0       0      29        0.0%
BANK12             100      0       0      30        0.0%
BITBANK11          100      0       0      27        0.0%
BANK11             100      0       0      28        0.0%
BITBANK10          100      0       0      25        0.0%
BANK10             100      0       0      26        0.0%
BITBANK9           100      0       0      23        0.0%
BANK9              100      0       0      24        0.0%
BITBANK8           100      0       0      21        0.0%
BANK8              100      0       0      22        0.0%
BITBANK7           100      0       0      19        0.0%
BANK7              100      0       0      20        0.0%
BITBANK6           100      0       0      17        0.0%
BANK6              100      0       0      18        0.0%
BITBANK5           100      0       0      15        0.0%
BANK5              100      0       0      16        0.0%
BITBANK4           100      0       0      13        0.0%
BANK4              100      0       0      14        0.0%
BITBANK3           100      0       0      10        0.0%
BANK3              100      0       0      11        0.0%
BITBANK2           100      0       0       8        0.0%
BANK2              100      0       0       9        0.0%
BITBANK1           100      0       0       6        0.0%
BANK1              100      0       0       7        0.0%
BITBANK0            A0      0       0       4        0.0%
BANK0               A0      0       0       5        0.0%
BITCOMRAM           5E      0       0       0        0.0%
COMRAM              5E      C       E       1       14.9%
BITBANK15           38      0       0      35        0.0%
BANK15              38      0       0      36        0.0%
BITSFR_1             0      0       0     200        0.0%
SFR_1                0      0       0     200        0.0%
BITSFR               0      0       0     200        0.0%
SFR                  0      0       0     200        0.0%
STACK                0      0       0       2        0.0%
NULL                 0      0       0       0        0.0%
ABS                  0      0       E      12        0.0%
DATA                 0      0       E       3        0.0%
CODE                 0      0       0       0        0.0%


Microchip Technology PIC18 Macro Assembler V2.05 build -831301201 
Symbol Table                                                                                   Sun May 05 00:34:25 2019

                     l92 1130                       l94 1144                       l88 1142  
                     u55 1108                       u56 110E                       u57 111C  
                     u77 10D8                       u87 1076                       u97 108E  
           __CFG_CP0$OFF 000000             __CFG_CP1$OFF 000000             __CFG_CP2$OFF 000000  
           __CFG_CP3$OFF 000000              __CFG_LVP$ON 000000                      l815 10EA  
                    l825 1132                      l819 10F2             __CFG_CPB$OFF 000000  
                    u107 10B0             __CFG_CPD$OFF 000000                      wreg 000FE8  
                   _LATA 000F89                     _LATB 000F8A                     _LATC 000F8B  
                   _LATD 000F8C                     _LATE 000F8D                     _int0 0008  
                   _main 10C4                     btemp 000F            __CFG_BORV$190 000000  
                   start 002E            __CFG_IESO$OFF 000000             ___param_bank 000000  
                  ?_int0 0001                    ?_main 0001                    _PORTA 000F80  
                  _PORTB 000F81                    _PORTC 000F82                    _PORTD 000F83  
                  _PORTE 000F84                    _TRISA 000F92                    _TRISB 000F93  
                  _TRISC 000F94                    _TRISD 000F95                    _TRISE 000F96  
          __CFG_WRT0$OFF 000000            __CFG_WRT1$OFF 000000            __CFG_WRT2$OFF 000000  
          __CFG_WRT3$OFF 000000           __CFG_EBTR0$OFF 000000           __CFG_FCMEN$OFF 000000  
         __CFG_EBTR1$OFF 000000           __CFG_EBTR2$OFF 000000           __CFG_EBTR3$OFF 000000  
        __end_of_led_cmd 100D            __CFG_WRTB$OFF 000000            __CFG_WRTC$OFF 000000  
          __CFG_WRTD$OFF 000000           __CFG_EBTRB$OFF 000000       __CFG_MCLRE$EXTMCLR 000000  
                  main@i 000B           __CFG_BOREN$OFF 000000                    ttemp5 0010  
                  ttemp6 0013                    ttemp7 0017                    status 000FD8  
                  wtemp8 0010           __CFG_HFOFST$ON 000000          __initialization 1146  
           __end_of_int0 002E             __end_of_main 1146                   ??_int0 0001  
                 ??_main 0004            __activetblptr 000001                   _ANSELA 000F38  
                 _ANSELB 000F39                   _ANSELC 000F3A                   _ANSELD 000F3B  
                 _ANSELE 000F3C           __CFG_WDTEN$OFF 000000                   i2u1_40 0014  
                 i2u2_48 0016         __end_of_anim_cmd 1005           __CFG_XINST$OFF 000000  
                 _config 100E             __mediumconst 0000                   tblptrh 000FF7  
                 tblptru 000FF8         __end_of_sync_cmd 1009               __accesstop 0060  
__end_of__initialization 114A          __CFG_PBADEN$OFF 000000            ___rparam_used 000001  
         __pcstackCOMRAM 0001          __CFG_PLLCFG$OFF 000000       __CFG_CCP2MX$PORTC1 000000  
     __CFG_CCP3MX$PORTB5 000000                  ?_config 0001          __CFG_PWRTEN$OFF 000000  
                __Hparam 0000                  __Lparam 0000             __psmallconst 1000  
        __size_of_config 00B6          __CFG_STVREN$OFF 000000                  __pcinit 1146  
                __ramtop 1000                  _clk_low 000D                  __ptext0 10C4  
                __ptext1 100E                  _led_cmd 1009     end_of_initialization 114A  
              _TRISBbits 000F93           __end_of_config 10C4      start_initialization 1146  
               ??_config 0002              __pbssCOMRAM 000D                __pintcode 0008  
       __CFG_PRICLKEN$ON 000000              __smallconst 1000                 _LATBbits 000F8A  
               _LATDbits 000F8C         __CFG_WDTPS$32768 000000                 _WPUBbits 000F61  
            _INTCON2bits 000FF1                 __Hrparam 0000                 __Lrparam 0000  
           __Lsmallconst 1000        __CFG_P2BMX$PORTD2 000000                 _anim_cmd 1001  
          __size_of_int0 0026            __size_of_main 0082                 int$flags 000F  
               main@temp 0009                 _sync_cmd 1005              _OSCTUNEbits 000F9B  
             _INTCONbits 000FF2                 intlevel2 0000               _OSCCONbits 000FD3  
      __CFG_T3CMX$PORTC0 000000        __CFG_FOSC$INTIO67 000000  
